# JRE version: Java(TM) SE Runtime Environment (8.0_91-b15) (build 1.8.0_91-b15)
# Java VM: Java HotSpot(TM) Client VM (25.91-b15 mixed mode windows-x86 )
Heap:
 def new generation   total 74752K, used 74751K [0x04400000, 0x09510000, 0x19950000)
  eden space 66496K, 100% used [0x04400000, 0x084f0000, 0x084f0000)
  from space 8256K,  99% used [0x084f0000, 0x08cffff8, 0x08d00000)
  to   space 8256K, 100% used [0x08d00000, 0x09510000, 0x09510000)
 tenured generation   total 178880K, used 178864K [0x19950000, 0x24800000, 0x44400000)
   the space 178880K,  99% used [0x19950000, 0x247fc2d0, 0x247fc400, 0x24800000)
 Metaspace       used 3403K, capacity 3494K, committed 3520K, reserved 4480K
GC Heap History (10 events):
Event: 5.730 GC heap after
Heap after GC invocations=44 (full 13):
 def new generation   total 51520K, used 5695K [0x04400000, 0x07be0000, 0x19950000)
  eden space 45824K,   0% used [0x04400000, 0x04400000, 0x070c0000)
  from space 5696K,  99% used [0x07650000, 0x07bdfff8, 0x07be0000)
  to   space 5696K,   0% used [0x070c0000, 0x070c0000, 0x07650000)
 tenured generation   total 114264K, used 110436K [0x19950000, 0x208e6000, 0x44400000)
   the space 114264K,  96% used [0x19950000, 0x205293f8, 0x20529400, 0x208e6000)
 Metaspace       used 3350K, capacity 3494K, committed 3520K, reserved 4480K
}
Event: 5.868 GC heap before
{Heap before GC invocations=44 (full 13):
 def new generation   total 51520K, used 51519K [0x04400000, 0x07be0000, 0x19950000)
  eden space 45824K, 100% used [0x04400000, 0x070c0000, 0x070c0000)
  from space 5696K,  99% used [0x07650000, 0x07bdfff8, 0x07be0000)
  to   space 5696K,   0% used [0x070c0000, 0x070c0000, 0x07650000)
 tenured generation   total 114264K, used 110436K [0x19950000, 0x208e6000, 0x44400000)
   the space 114264K,  96% used [0x19950000, 0x205293f8, 0x20529400, 0x208e6000)
 Metaspace       used 3350K, capacity 3494K, committed 3520K, reserved 4480K
Event: 6.131 GC heap after
Heap after GC invocations=45 (full 14):
 def new generation   total 74752K, used 0K [0x04400000, 0x09510000, 0x19950000)
  eden space 66496K,   0% used [0x04400000, 0x04400000, 0x084f0000)
  from space 8256K,   0% used [0x084f0000, 0x084f0000, 0x08d00000)
  to   space 8256K,   0% used [0x08d00000, 0x08d00000, 0x09510000)
 tenured generation   total 165920K, used 99550K [0x19950000, 0x23b58000, 0x44400000)
   the space 165920K,  59% used [0x19950000, 0x1fa87858, 0x1fa87a00, 0x23b58000)
 Metaspace       used 3350K, capacity 3494K, committed 3520K, reserved 4480K
}
Event: 6.305 GC heap before
{Heap before GC invocations=45 (full 14):
 def new generation   total 74752K, used 66496K [0x04400000, 0x09510000, 0x19950000)
  eden space 66496K, 100% used [0x04400000, 0x084f0000, 0x084f0000)
  from space 8256K,   0% used [0x084f0000, 0x084f0000, 0x08d00000)
  to   space 8256K,   0% used [0x08d00000, 0x08d00000, 0x09510000)
 tenured generation   total 165920K, used 99550K [0x19950000, 0x23b58000, 0x44400000)
   the space 165920K,  59% used [0x19950000, 0x1fa87858, 0x1fa87a00, 0x23b58000)
 Metaspace       used 3350K, capacity 3494K, committed 3520K, reserved 4480K
Event: 6.349 GC heap after
Heap after GC invocations=46 (full 14):
 def new generation   total 74752K, used 8256K [0x04400000, 0x09510000, 0x19950000)
  eden space 66496K,   0% used [0x04400000, 0x04400000, 0x084f0000)
  from space 8256K, 100% used [0x08d00000, 0x09510000, 0x09510000)
  to   space 8256K,   0% used [0x084f0000, 0x084f0000, 0x08d00000)
 tenured generation   total 165920K, used 115714K [0x19950000, 0x23b58000, 0x44400000)
   the space 165920K,  69% used [0x19950000, 0x20a50840, 0x20a50a00, 0x23b58000)
 Metaspace       used 3350K, capacity 3494K, committed 3520K, reserved 4480K
}
Event: 6.598 GC heap before
{Heap before GC invocations=46 (full 14):
 def new generation   total 74752K, used 74752K [0x04400000, 0x09510000, 0x19950000)
  eden space 66496K, 100% used [0x04400000, 0x084f0000, 0x084f0000)
  from space 8256K, 100% used [0x08d00000, 0x09510000, 0x09510000)
  to   space 8256K,   0% used [0x084f0000, 0x084f0000, 0x08d00000)
 tenured generation   total 165920K, used 115714K [0x19950000, 0x23b58000, 0x44400000)
   the space 165920K,  69% used [0x19950000, 0x20a50840, 0x20a50a00, 0x23b58000)
 Metaspace       used 3403K, capacity 3494K, committed 3520K, reserved 4480K
Event: 6.659 GC heap after
Heap after GC invocations=47 (full 14):
 def new generation   total 74752K, used 8256K [0x04400000, 0x09510000, 0x19950000)
  eden space 66496K,   0% used [0x04400000, 0x04400000, 0x084f0000)
  from space 8256K, 100% used [0x084f0000, 0x08d00000, 0x08d00000)
  to   space 8256K,   0% used [0x08d00000, 0x08d00000, 0x09510000)
 tenured generation   total 165920K, used 136094K [0x19950000, 0x23b58000, 0x44400000)
   the space 165920K,  82% used [0x19950000, 0x21e37860, 0x21e37a00, 0x23b58000)
 Metaspace       used 3403K, capacity 3494K, committed 3520K, reserved 4480K
}
Event: 6.872 GC heap before
{Heap before GC invocations=47 (full 14):
 def new generation   total 74752K, used 74752K [0x04400000, 0x09510000, 0x19950000)
  eden space 66496K, 100% used [0x04400000, 0x084f0000, 0x084f0000)
  from space 8256K, 100% used [0x084f0000, 0x08d00000, 0x08d00000)
  to   space 8256K,   0% used [0x08d00000, 0x08d00000, 0x09510000)
 tenured generation   total 165920K, used 136094K [0x19950000, 0x23b58000, 0x44400000)
   the space 165920K,  82% used [0x19950000, 0x21e37860, 0x21e37a00, 0x23b58000)
 Metaspace       used 3403K, capacity 3494K, committed 3520K, reserved 4480K
Event: 6.940 GC heap after
Heap after GC invocations=48 (full 14):
 def new generation   total 74752K, used 8256K [0x04400000, 0x09510000, 0x19950000)
  eden space 66496K,   0% used [0x04400000, 0x04400000, 0x084f0000)
  from space 8256K, 100% used [0x08d00000, 0x09510000, 0x09510000)
  to   space 8256K,   0% used [0x084f0000, 0x084f0000, 0x08d00000)
 tenured generation   total 165920K, used 158579K [0x19950000, 0x23b58000, 0x44400000)
   the space 165920K,  95% used [0x19950000, 0x2342ce38, 0x2342d000, 0x23b58000)
 Metaspace       used 3403K, capacity 3494K, committed 3520K, reserved 4480K
}
Event: 7.113 GC heap before
{Heap before GC invocations=48 (full 14):
 def new generation   total 74752K, used 74752K [0x04400000, 0x09510000, 0x19950000)
  eden space 66496K, 100% used [0x04400000, 0x084f0000, 0x084f0000)
  from space 8256K, 100% used [0x08d00000, 0x09510000, 0x09510000)
  to   space 8256K,   0% used [0x084f0000, 0x084f0000, 0x08d00000)
 tenured generation   total 165920K, used 158579K [0x19950000, 0x23b58000, 0x44400000)
   the space 165920K,  95% used [0x19950000, 0x2342ce38, 0x2342d000, 0x23b58000)
 Metaspace       used 3403K, capacity 3494K, committed 3520K, reserved 4480K

